#
# There is insufficient memory for the Java Runtime Environment to continue.
# Native memory allocation (malloc) failed to allocate 1480976 bytes for Chunk::new
# Possible reasons:
#   The system is out of physical RAM or swap space
#   The process is running with CompressedOops enabled, and the Java Heap may be blocking the growth of the native heap
# Possible solutions:
#   Reduce memory load on the system
#   Increase physical memory or swap space
#   Check if swap backing store is full
#   Decrease Java heap size (-Xmx/-Xms)
#   Decrease number of Java threads
#   Decrease Java thread stack sizes (-Xss)
#   Set larger code cache with -XX:ReservedCodeCacheSize=
#   JVM is running with Unscaled Compressed Oops mode in which the Java heap is
#     placed in the first 4GB address space. The Java Heap base address is the
#     maximum limit for the native heap growth. Please use -XX:HeapBaseMinAddress
#     to set the Java Heap base and to place the Java Heap above 4GB virtual address.
# This output file may be truncated or incomplete.
#
#  Out of Memory Error (allocation.cpp:389), pid=122464, tid=0x000000000001cf18
#
# JRE version: OpenJDK Runtime Environment (Zulu 8.52.0.23-CA-win64) (8.0_282-b08) (build 1.8.0_282-b08)
# Java VM: OpenJDK 64-Bit Server VM (25.282-b08 mixed mode windows-amd64 compressed oops)
# Failed to write core dump. Minidumps are not enabled by default on client versions of Windows
#

---------------  T H R E A D  ---------------

Current thread (0x0000000019c6c000):  JavaThread "C2 CompilerThread0" daemon [_thread_in_native, id=118552, stack(0x000000001a9d0000,0x000000001aad0000)]

Stack: [0x000000001a9d0000,0x000000001aad0000]
[error occurred during error reporting (printing stack bounds), id 0xc0000005]

Native frames: (J=compiled Java code, j=interpreted, Vv=VM code, C=native code)


Current CompileTask:
C2:  18281 2982       4       groovy.lang.MetaClassImpl$1MOPIter::methodNameAction (479 bytes)


---------------  P R O C E S S  ---------------

Java Threads: ( => current thread )
  0x000000001ceb3000 JavaThread "Okio Watchdog" daemon [_thread_blocked, id=91380, stack(0x0000000021320000,0x0000000021420000)]
  0x000000001bf86000 JavaThread "OkHttp ConnectionPool" daemon [_thread_blocked, id=123492, stack(0x0000000021220000,0x0000000021320000)]
  0x000000001ba05800 JavaThread "ForkJoinPool.commonPool-worker-3" daemon [_thread_blocked, id=123660, stack(0x0000000020f20000,0x0000000021020000)]
  0x000000001b26d000 JavaThread "ForkJoinPool.commonPool-worker-2" daemon [_thread_blocked, id=114056, stack(0x0000000020e20000,0x0000000020f20000)]
  0x000000001bd28800 JavaThread "ForkJoinPool.commonPool-worker-1" daemon [_thread_blocked, id=123436, stack(0x0000000020d20000,0x0000000020e20000)]
  0x000000001e1b3800 JavaThread "Exec Stream Pumper" daemon [_thread_in_native, id=121000, stack(0x0000000020920000,0x0000000020a20000)]
  0x000000001e1b2800 JavaThread "Exec Stream Pumper" daemon [_thread_in_native, id=122064, stack(0x0000000020820000,0x0000000020920000)]
  0x000000001e1b1800 JavaThread "UrlChecker-2" daemon [_thread_blocked, id=121544, stack(0x0000000020620000,0x0000000020720000)]
  0x000000001ed46000 JavaThread "Exec Default Executor" daemon [_thread_in_native, id=123772, stack(0x000000001ef90000,0x000000001f090000)]
  0x0000000019cbe000 JavaThread "Service Thread" daemon [_thread_blocked, id=123888, stack(0x000000001aed0000,0x000000001afd0000)]
  0x0000000019c77800 JavaThread "C1 CompilerThread3" daemon [_thread_blocked, id=114416, stack(0x000000001add0000,0x000000001aed0000)]
  0x0000000019c6f800 JavaThread "C2 CompilerThread2" daemon [_thread_blocked, id=122708, stack(0x000000001abd0000,0x000000001acd0000)]
  0x0000000019c6f000 JavaThread "C2 CompilerThread1" daemon [_thread_in_native, id=121660, stack(0x000000001aad0000,0x000000001abd0000)]
=>0x0000000019c6c000 JavaThread "C2 CompilerThread0" daemon [_thread_in_native, id=118552, stack(0x000000001a9d0000,0x000000001aad0000)]
  0x0000000019c61800 JavaThread "Attach Listener" daemon [_thread_blocked, id=120752, stack(0x000000001a8d0000,0x000000001a9d0000)]
  0x0000000019c61000 JavaThread "Signal Dispatcher" daemon [_thread_blocked, id=123616, stack(0x000000001a7d0000,0x000000001a8d0000)]
  0x00000000198e7000 JavaThread "Finalizer" daemon [_thread_blocked, id=117272, stack(0x0000000019dc0000,0x0000000019ec0000)]
  0x00000000198e0800 JavaThread "Reference Handler" daemon [_thread_blocked, id=114536, stack(0x0000000019cc0000,0x0000000019dc0000)]
  0x00000000029a7000 JavaThread "main" [_thread_in_vm, id=123216, stack(0x0000000002890000,0x0000000002990000)]

Other Threads:
  0x0000000017b04800 VMThread [stack: 0x00000000197c0000,0x00000000198c0000] [id=119348]
  0x0000000019c84800 WatcherThread [stack: 0x000000001afd0000,0x000000001b0d0000] [id=114252]

VM state:not at safepoint (normal execution)

VM Mutex/Monitor currently owned by a thread:  ([mutex/lock_event])
[0x00000000029a36b0] CodeCache_lock - owner thread: 0x0000000000000000

heap address: 0x0000000080000000, size: 2048 MB, Compressed Oops mode: 32-bit
Narrow klass base: 0x0000000000000000, Narrow klass shift: 3
Compressed class space size: 1073741824 Address: 0x0000000100000000

Heap:
 PSYoungGen      total 129536K, used 22256K [0x00000000d5580000, 0x00000000df680000, 0x0000000100000000)
  eden space 121344K, 11% used [0x00000000d5580000,0x00000000d6343878,0x00000000dcc00000)
  from space 8192K, 99% used [0x00000000dcc00000,0x00000000dd3f8878,0x00000000dd400000)
  to   space 11264K, 0% used [0x00000000deb80000,0x00000000deb80000,0x00000000df680000)
 ParOldGen       total 67072K, used 16595K [0x0000000080000000, 0x0000000084180000, 0x00000000d5580000)
  object space 67072K, 24% used [0x0000000080000000,0x0000000081034df8,0x0000000084180000)
 Metaspace       used 30563K, capacity 31426K, committed 31616K, reserved 1077248K
  class space    used 3645K, capacity 3906K, committed 3968K, reserved 1048576K

Card table byte_map: [0x0000000011e50000,0x0000000012260000] byte_map_base: 0x0000000011a50000

Marking Bits: (ParMarkBitMap*) 0x00000000632b1f00
 Begin Bits: [0x0000000012d10000, 0x0000000014d10000)
 End Bits:   [0x0000000014d10000, 0x0000000016d10000)

Polling page: 0x0000000000f70000

CodeCache: size=245760Kb used=11690Kb max_used=12366Kb free=234069Kb
 bounds [0x0000000002a90000, 0x00000000036b0000, 0x0000000011a90000]
 total_blobs=3531 nmethods=2840 adapters=601
 compilation: enabled

Compilation events (10 events):
Event: 18.226 Thread 0x0000000019c77800 3050       3       org.codehaus.groovy.reflection.ClassInfo::isValidWeakMetaClass (30 bytes)
Event: 18.226 Thread 0x0000000019c77800 nmethod 3050 0x0000000002c36b10 code [0x0000000002c36c80, 0x0000000002c37070]
Event: 18.226 Thread 0x0000000019c77800 3051       3       java.net.URLClassLoader$3::next (73 bytes)
Event: 18.227 Thread 0x0000000019c77800 nmethod 3051 0x0000000002dd2510 code [0x0000000002dd26e0, 0x0000000002dd2d58]
Event: 18.228 Thread 0x0000000019c6f000 3052  s!   4       org.codehaus.groovy.tools.RootLoader::loadClass (65 bytes)
Event: 18.231 Thread 0x0000000019c6f800 3053       4       java.util.regex.Pattern$BnM::match (161 bytes)
Event: 18.246 Thread 0x0000000019c6f800 nmethod 3053 0x0000000002fb1a10 code [0x0000000002fb1b60, 0x0000000002fb2138]
Event: 18.246 Thread 0x0000000019c6f800 3054   !   4       java.util.regex.Pattern::matcher (44 bytes)
Event: 18.259 Thread 0x0000000019c6f800 nmethod 3054 0x0000000002e1afd0 code [0x0000000002e1b140, 0x0000000002e1b598]
Event: 18.269 Thread 0x0000000019c6f000 nmethod 3052 0x0000000002c19e90 code [0x0000000002c1a080, 0x0000000002c1aec0]

GC Heap History (10 events):
Event: 5.813 GC heap before
{Heap before GC invocations=8 (full 1):
 PSYoungGen      total 72704K, used 5919K [0x00000000d5580000, 0x00000000de380000, 0x0000000100000000)
  eden space 64512K, 0% used [0x00000000d5580000,0x00000000d5580000,0x00000000d9480000)
  from space 8192K, 72% used [0x00000000d9480000,0x00000000d9a47ff0,0x00000000d9c80000)
  to   space 8192K, 0% used [0x00000000ddb80000,0x00000000ddb80000,0x00000000de380000)
 ParOldGen       total 86016K, used 5638K [0x0000000080000000, 0x0000000085400000, 0x00000000d5580000)
  object space 86016K, 6% used [0x0000000080000000,0x0000000080581ae8,0x0000000085400000)
 Metaspace       used 20769K, capacity 21072K, committed 21296K, reserved 1069056K
  class space    used 2313K, capacity 2424K, committed 2432K, reserved 1048576K
Event: 5.930 GC heap after
Heap after GC invocations=8 (full 1):
 PSYoungGen      total 72704K, used 0K [0x00000000d5580000, 0x00000000de380000, 0x0000000100000000)
  eden space 64512K, 0% used [0x00000000d5580000,0x00000000d5580000,0x00000000d9480000)
  from space 8192K, 0% used [0x00000000d9480000,0x00000000d9480000,0x00000000d9c80000)
  to   space 8192K, 0% used [0x00000000ddb80000,0x00000000ddb80000,0x00000000de380000)
 ParOldGen       total 67072K, used 10157K [0x0000000080000000, 0x0000000084180000, 0x00000000d5580000)
  object space 67072K, 15% used [0x0000000080000000,0x00000000809eb4b8,0x0000000084180000)
 Metaspace       used 20769K, capacity 21072K, committed 21296K, reserved 1069056K
  class space    used 2313K, capacity 2424K, committed 2432K, reserved 1048576K
}
Event: 6.834 GC heap before
{Heap before GC invocations=9 (full 1):
 PSYoungGen      total 72704K, used 64512K [0x00000000d5580000, 0x00000000de380000, 0x0000000100000000)
  eden space 64512K, 100% used [0x00000000d5580000,0x00000000d9480000,0x00000000d9480000)
  from space 8192K, 0% used [0x00000000d9480000,0x00000000d9480000,0x00000000d9c80000)
  to   space 8192K, 0% used [0x00000000ddb80000,0x00000000ddb80000,0x00000000de380000)
 ParOldGen       total 67072K, used 10157K [0x0000000080000000, 0x0000000084180000, 0x00000000d5580000)
  object space 67072K, 15% used [0x0000000080000000,0x00000000809eb4b8,0x0000000084180000)
 Metaspace       used 21864K, capacity 22200K, committed 22448K, reserved 1069056K
  class space    used 2419K, capacity 2541K, committed 2560K, reserved 1048576K
Event: 6.838 GC heap after
Heap after GC invocations=9 (full 1):
 PSYoungGen      total 88576K, used 2480K [0x00000000d5580000, 0x00000000dde00000, 0x0000000100000000)
  eden space 86016K, 0% used [0x00000000d5580000,0x00000000d5580000,0x00000000da980000)
  from space 2560K, 96% used [0x00000000ddb80000,0x00000000dddec160,0x00000000dde00000)
  to   space 8192K, 0% used [0x00000000dce00000,0x00000000dce00000,0x00000000dd600000)
 ParOldGen       total 67072K, used 10165K [0x0000000080000000, 0x0000000084180000, 0x00000000d5580000)
  object space 67072K, 15% used [0x0000000080000000,0x00000000809ed4b8,0x0000000084180000)
 Metaspace       used 21864K, capacity 22200K, committed 22448K, reserved 1069056K
  class space    used 2419K, capacity 2541K, committed 2560K, reserved 1048576K
}
Event: 7.411 GC heap before
{Heap before GC invocations=10 (full 1):
 PSYoungGen      total 88576K, used 88496K [0x00000000d5580000, 0x00000000dde00000, 0x0000000100000000)
  eden space 86016K, 100% used [0x00000000d5580000,0x00000000da980000,0x00000000da980000)
  from space 2560K, 96% used [0x00000000ddb80000,0x00000000dddec160,0x00000000dde00000)
  to   space 8192K, 0% used [0x00000000dce00000,0x00000000dce00000,0x00000000dd600000)
 ParOldGen       total 67072K, used 10165K [0x0000000080000000, 0x0000000084180000, 0x00000000d5580000)
  object space 67072K, 15% used [0x0000000080000000,0x00000000809ed4b8,0x0000000084180000)
 Metaspace       used 22277K, capacity 22598K, committed 22960K, reserved 1069056K
  class space    used 2438K, capacity 2543K, committed 2560K, reserved 1048576K
Event: 7.418 GC heap after
Heap after GC invocations=10 (full 1):
 PSYoungGen      total 109056K, used 5088K [0x00000000d5580000, 0x00000000ddc00000, 0x0000000100000000)
  eden space 103936K, 0% used [0x00000000d5580000,0x00000000d5580000,0x00000000dbb00000)
  from space 5120K, 99% used [0x00000000dce00000,0x00000000dd2f8268,0x00000000dd300000)
  to   space 8192K, 0% used [0x00000000dd400000,0x00000000dd400000,0x00000000ddc00000)
 ParOldGen       total 67072K, used 10173K [0x0000000080000000, 0x0000000084180000, 0x00000000d5580000)
  object space 67072K, 15% used [0x0000000080000000,0x00000000809ef4b8,0x0000000084180000)
 Metaspace       used 22277K, capacity 22598K, committed 22960K, reserved 1069056K
  class space    used 2438K, capacity 2543K, committed 2560K, reserved 1048576K
}
Event: 8.806 GC heap before
{Heap before GC invocations=11 (full 1):
 PSYoungGen      total 109056K, used 109024K [0x00000000d5580000, 0x00000000ddc00000, 0x0000000100000000)
  eden space 103936K, 100% used [0x00000000d5580000,0x00000000dbb00000,0x00000000dbb00000)
  from space 5120K, 99% used [0x00000000dce00000,0x00000000dd2f8268,0x00000000dd300000)
  to   space 8192K, 0% used [0x00000000dd400000,0x00000000dd400000,0x00000000ddc00000)
 ParOldGen       total 67072K, used 10173K [0x0000000080000000, 0x0000000084180000, 0x00000000d5580000)
  object space 67072K, 15% used [0x0000000080000000,0x00000000809ef4b8,0x0000000084180000)
 Metaspace       used 22571K, capacity 22942K, committed 23168K, reserved 1069056K
  class space    used 2481K, capacity 2615K, committed 2688K, reserved 1048576K
Event: 8.816 GC heap after
Heap after GC invocations=11 (full 1):
 PSYoungGen      total 129536K, used 6288K [0x00000000d5580000, 0x00000000ddf00000, 0x0000000100000000)
  eden space 121344K, 0% used [0x00000000d5580000,0x00000000d5580000,0x00000000dcc00000)
  from space 8192K, 76% used [0x00000000dd400000,0x00000000dda24010,0x00000000ddc00000)
  to   space 8192K, 0% used [0x00000000dcc00000,0x00000000dcc00000,0x00000000dd400000)
 ParOldGen       total 67072K, used 10173K [0x0000000080000000, 0x0000000084180000, 0x00000000d5580000)
  object space 67072K, 15% used [0x0000000080000000,0x00000000809ef4b8,0x0000000084180000)
 Metaspace       used 22571K, capacity 22942K, committed 23168K, reserved 1069056K
  class space    used 2481K, capacity 2615K, committed 2688K, reserved 1048576K
}
Event: 18.049 GC heap before
{Heap before GC invocations=12 (full 1):
 PSYoungGen      total 129536K, used 127632K [0x00000000d5580000, 0x00000000ddf00000, 0x0000000100000000)
  eden space 121344K, 100% used [0x00000000d5580000,0x00000000dcc00000,0x00000000dcc00000)
  from space 8192K, 76% used [0x00000000dd400000,0x00000000dda24010,0x00000000ddc00000)
  to   space 8192K, 0% used [0x00000000dcc00000,0x00000000dcc00000,0x00000000dd400000)
 ParOldGen       total 67072K, used 10173K [0x0000000080000000, 0x0000000084180000, 0x00000000d5580000)
  object space 67072K, 15% used [0x0000000080000000,0x00000000809ef4b8,0x0000000084180000)
 Metaspace       used 30434K, capacity 31348K, committed 31616K, reserved 1077248K
  class space    used 3630K, capacity 3901K, committed 3968K, reserved 1048576K
Event: 18.074 GC heap after
Heap after GC invocations=12 (full 1):
 PSYoungGen      total 129536K, used 8162K [0x00000000d5580000, 0x00000000df680000, 0x0000000100000000)
  eden space 121344K, 0% used [0x00000000d5580000,0x00000000d5580000,0x00000000dcc00000)
  from space 8192K, 99% used [0x00000000dcc00000,0x00000000dd3f8878,0x00000000dd400000)
  to   space 11264K, 0% used [0x00000000deb80000,0x00000000deb80000,0x00000000df680000)
 ParOldGen       total 67072K, used 16595K [0x0000000080000000, 0x0000000084180000, 0x00000000d5580000)
  object space 67072K, 24% used [0x0000000080000000,0x0000000081034df8,0x0000000084180000)
 Metaspace       used 30434K, capacity 31348K, committed 31616K, reserved 1077248K
  class space    used 3630K, capacity 3901K, committed 3968K, reserved 1048576K
}

Deoptimization events (10 events):
Event: 11.771 Thread 0x00000000029a7000 Uncommon trap: reason=class_check action=maybe_recompile pc=0x000000000346f01c method=java.util.HashSet.contains(Ljava/lang/Object;)Z @ 5
Event: 11.771 Thread 0x00000000029a7000 Uncommon trap: reason=class_check action=maybe_recompile pc=0x000000000346f01c method=java.util.HashSet.contains(Ljava/lang/Object;)Z @ 5
Event: 14.131 Thread 0x00000000029a7000 Uncommon trap: reason=class_check action=maybe_recompile pc=0x000000000362fd44 method=org.openqa.selenium.json.Input.init()V @ 18
Event: 14.131 Thread 0x00000000029a7000 Uncommon trap: reason=class_check action=maybe_recompile pc=0x000000000362fd44 method=org.openqa.selenium.json.Input.init()V @ 18
Event: 14.132 Thread 0x00000000029a7000 Uncommon trap: reason=class_check action=maybe_recompile pc=0x000000000362fd44 method=org.openqa.selenium.json.Input.init()V @ 18
Event: 14.132 Thread 0x00000000029a7000 Uncommon trap: reason=class_check action=maybe_recompile pc=0x000000000362fd44 method=org.openqa.selenium.json.Input.init()V @ 18
Event: 14.237 Thread 0x00000000029a7000 Uncommon trap: reason=bimorphic action=maybe_recompile pc=0x0000000002fb385c method=java.util.HashMap.putVal(ILjava/lang/Object;Ljava/lang/Object;ZZ)Ljava/lang/Object; @ 203
Event: 14.239 Thread 0x00000000029a7000 Uncommon trap: reason=bimorphic action=maybe_recompile pc=0x0000000002fb385c method=java.util.HashMap.putVal(ILjava/lang/Object;Ljava/lang/Object;ZZ)Ljava/lang/Object; @ 203
Event: 14.239 Thread 0x00000000029a7000 Uncommon trap: reason=bimorphic action=maybe_recompile pc=0x0000000002fb385c method=java.util.HashMap.putVal(ILjava/lang/Object;Ljava/lang/Object;ZZ)Ljava/lang/Object; @ 203
Event: 14.419 Thread 0x00000000029a7000 Uncommon trap: reason=bimorphic action=maybe_recompile pc=0x00000000030bb3d4 method=java.net.URL.<init>(Ljava/net/URL;Ljava/lang/String;Ljava/net/URLStreamHandler;)V @ 504

Classes redefined (0 events):
No events

Internal exceptions (10 events):
Event: 18.113 Thread 0x00000000029a7000 Exception <a 'java/security/PrivilegedActionException'> (0x00000000d5911b10) thrown at [C:\jenkins\workspace\zulu8-silver-build-win64\zulu-src\hotspot\src\share\vm\prims\jvm.cpp, line 1529]
Event: 18.113 Thread 0x00000000029a7000 Exception <a 'java/security/PrivilegedActionException'> (0x00000000d59122d8) thrown at [C:\jenkins\workspace\zulu8-silver-build-win64\zulu-src\hotspot\src\share\vm\prims\jvm.cpp, line 1529]
Event: 18.134 Thread 0x00000000029a7000 Exception <a 'java/security/PrivilegedActionException'> (0x00000000d5b0b8a8) thrown at [C:\jenkins\workspace\zulu8-silver-build-win64\zulu-src\hotspot\src\share\vm\prims\jvm.cpp, line 1529]
Event: 18.134 Thread 0x00000000029a7000 Exception <a 'java/security/PrivilegedActionException'> (0x00000000d5b0c070) thrown at [C:\jenkins\workspace\zulu8-silver-build-win64\zulu-src\hotspot\src\share\vm\prims\jvm.cpp, line 1529]
Event: 18.135 Thread 0x00000000029a7000 Exception <a 'java/security/PrivilegedActionException'> (0x00000000d5b1ea30) thrown at [C:\jenkins\workspace\zulu8-silver-build-win64\zulu-src\hotspot\src\share\vm\prims\jvm.cpp, line 1529]
Event: 18.135 Thread 0x00000000029a7000 Exception <a 'java/security/PrivilegedActionException'> (0x00000000d5b1f1f8) thrown at [C:\jenkins\workspace\zulu8-silver-build-win64\zulu-src\hotspot\src\share\vm\prims\jvm.cpp, line 1529]
Event: 18.173 Thread 0x00000000029a7000 Exception <a 'java/lang/ClassNotFoundException': Script1BeanInfo> (0x00000000d5d3a968) thrown at [C:\jenkins\workspace\zulu8-silver-build-win64\zulu-src\hotspot\src\share\vm\classfile\systemDictionary.cpp, line 220]
Event: 18.183 Thread 0x00000000029a7000 Exception <a 'java/lang/ClassNotFoundException': Script1Customizer> (0x00000000d5dbd978) thrown at [C:\jenkins\workspace\zulu8-silver-build-win64\zulu-src\hotspot\src\share\vm\classfile\systemDictionary.cpp, line 220]
Event: 18.269 Thread 0x00000000029a7000 Exception <a 'java/lang/ClassNotFoundException': com/kms/katalon/core/webui/keyword/builtin/SetTextKeywordBeanInfo> (0x00000000d6082ad8) thrown at [C:\jenkins\workspace\zulu8-silver-build-win64\zulu-src\hotspot\src\share\vm\classfile\systemDictionary.cpp,
Event: 18.278 Thread 0x00000000029a7000 Exception <a 'java/lang/ClassNotFoundException': com/kms/katalon/core/webui/keyword/builtin/SetTextKeywordCustomizer> (0x00000000d61575b0) thrown at [C:\jenkins\workspace\zulu8-silver-build-win64\zulu-src\hotspot\src\share\vm\classfile\systemDictionary.cp

Events (10 events):
Event: 18.249 loading class com/kms/katalon/core/webui/keyword/builtin/SetTextKeywordBeanInfo
Event: 18.250 loading class com/kms/katalon/core/webui/keyword/builtin/SetTextKeywordBeanInfo done
Event: 18.269 loading class com/kms/katalon/core/webui/keyword/builtin/SetTextKeywordBeanInfo
Event: 18.269 loading class com/kms/katalon/core/webui/keyword/builtin/SetTextKeywordBeanInfo done
Event: 18.270 loading class com/kms/katalon/core/webui/keyword/builtin/SetTextKeywordCustomizer
Event: 18.270 loading class com/kms/katalon/core/webui/keyword/builtin/SetTextKeywordCustomizer done
Event: 18.272 loading class com/kms/katalon/core/webui/keyword/builtin/SetTextKeywordCustomizer
Event: 18.272 loading class com/kms/katalon/core/webui/keyword/builtin/SetTextKeywordCustomizer done
Event: 18.278 loading class com/kms/katalon/core/webui/keyword/builtin/SetTextKeywordCustomizer
Event: 18.278 loading class com/kms/katalon/core/webui/keyword/builtin/SetTextKeywordCustomizer done


Dynamic libraries:
0x00007ff734f80000 - 0x00007ff734fb5000 	C:\Users\62896\Downloads\Katalon_Studio_Windows_64-8.2.5\Katalon_Studio_Windows_64-8.2.5\jre\bin\javaw.exe
0x00007fff96b20000 - 0x00007fff96d29000 	C:\Windows\SYSTEM32\ntdll.dll
0x00007fff953f0000 - 0x00007fff954ad000 	C:\Windows\System32\KERNEL32.DLL
0x00007fff944d0000 - 0x00007fff94849000 	C:\Windows\System32\KERNELBASE.dll
0x00007fff94ea0000 - 0x00007fff94f4e000 	C:\Windows\System32\ADVAPI32.dll
0x00007fff94d40000 - 0x00007fff94de3000 	C:\Windows\System32\msvcrt.dll
0x00007fff96a40000 - 0x00007fff96ade000 	C:\Windows\System32\sechost.dll
0x00007fff949b0000 - 0x00007fff94ad0000 	C:\Windows\System32\RPCRT4.dll
0x00007fff96290000 - 0x00007fff9643c000 	C:\Windows\System32\USER32.dll
0x00007fff94430000 - 0x00007fff94456000 	C:\Windows\System32\win32u.dll
0x00007fff950f0000 - 0x00007fff95119000 	C:\Windows\System32\GDI32.dll
0x00007fff94000000 - 0x00007fff94112000 	C:\Windows\System32\gdi32full.dll
0x00007fff94850000 - 0x00007fff948ed000 	C:\Windows\System32\msvcp_win.dll
0x00007fff94310000 - 0x00007fff94421000 	C:\Windows\System32\ucrtbase.dll
0x00007fff7ca80000 - 0x00007fff7cd25000 	C:\Windows\WinSxS\amd64_microsoft.windows.common-controls_6595b64144ccf1df_6.0.22000.120_none_9d947278b86cc467\COMCTL32.dll
0x00007fff95130000 - 0x00007fff95161000 	C:\Windows\System32\IMM32.DLL
0x00000000628b0000 - 0x0000000062982000 	C:\Users\62896\Downloads\Katalon_Studio_Windows_64-8.2.5\Katalon_Studio_Windows_64-8.2.5\jre\bin\msvcr100.dll
0x0000000062a70000 - 0x0000000063335000 	C:\Users\62896\Downloads\Katalon_Studio_Windows_64-8.2.5\Katalon_Studio_Windows_64-8.2.5\jre\bin\server\jvm.dll
0x00007fff94e20000 - 0x00007fff94e28000 	C:\Windows\System32\PSAPI.DLL
0x00007fff8e0d0000 - 0x00007fff8e103000 	C:\Windows\SYSTEM32\WINMM.dll
0x00007fff8b650000 - 0x00007fff8b65a000 	C:\Windows\SYSTEM32\VERSION.dll
0x00007fff72780000 - 0x00007fff72789000 	C:\Windows\SYSTEM32\WSOCK32.dll
0x00007fff94e30000 - 0x00007fff94e9f000 	C:\Windows\System32\WS2_32.dll
0x00007fff904d0000 - 0x00007fff904df000 	C:\Users\62896\Downloads\Katalon_Studio_Windows_64-8.2.5\Katalon_Studio_Windows_64-8.2.5\jre\bin\verify.dll
0x00007fff82ef0000 - 0x00007fff82f19000 	C:\Users\62896\Downloads\Katalon_Studio_Windows_64-8.2.5\Katalon_Studio_Windows_64-8.2.5\jre\bin\java.dll
0x00007fff8f6d0000 - 0x00007fff8f6e6000 	C:\Users\62896\Downloads\Katalon_Studio_Windows_64-8.2.5\Katalon_Studio_Windows_64-8.2.5\jre\bin\zip.dll
0x00007fff95660000 - 0x00007fff95e18000 	C:\Windows\System32\SHELL32.dll
0x00007fff92140000 - 0x00007fff929a7000 	C:\Windows\SYSTEM32\windows.storage.dll
0x00007fff966c0000 - 0x00007fff96a39000 	C:\Windows\System32\combase.dll
0x00007fff91fd0000 - 0x00007fff92136000 	C:\Windows\SYSTEM32\wintypes.dll
0x00007fff95300000 - 0x00007fff953ea000 	C:\Windows\System32\SHCORE.dll
0x00007fff95510000 - 0x00007fff9556d000 	C:\Windows\System32\shlwapi.dll
0x00007fff93f30000 - 0x00007fff93f51000 	C:\Windows\SYSTEM32\profapi.dll
0x00007fff83fd0000 - 0x00007fff83feb000 	C:\Users\62896\Downloads\Katalon_Studio_Windows_64-8.2.5\Katalon_Studio_Windows_64-8.2.5\jre\bin\net.dll
0x00007fff93620000 - 0x00007fff93687000 	C:\Windows\system32\mswsock.dll
0x00007fff83af0000 - 0x00007fff83b01000 	C:\Users\62896\Downloads\Katalon_Studio_Windows_64-8.2.5\Katalon_Studio_Windows_64-8.2.5\jre\bin\nio.dll
0x00007fff92d10000 - 0x00007fff92df8000 	C:\Windows\SYSTEM32\DNSAPI.dll
0x00007fff92ce0000 - 0x00007fff92d0d000 	C:\Windows\SYSTEM32\IPHLPAPI.DLL
0x00007fff95120000 - 0x00007fff95129000 	C:\Windows\System32\NSI.dll
0x00007fff79220000 - 0x00007fff7922a000 	C:\Windows\System32\rasadhlp.dll
0x00007fff8b200000 - 0x00007fff8b281000 	C:\Windows\System32\fwpuclnt.dll
0x00007fff7d510000 - 0x00007fff7d534000 	C:\Users\62896\Downloads\Katalon_Studio_Windows_64-8.2.5\Katalon_Studio_Windows_64-8.2.5\jre\bin\sunec.dll
0x00007fff83e70000 - 0x00007fff83e7c000 	C:\Users\62896\Downloads\Katalon_Studio_Windows_64-8.2.5\Katalon_Studio_Windows_64-8.2.5\jre\bin\sunmscapi.dll
0x00007fff941a0000 - 0x00007fff94302000 	C:\Windows\System32\CRYPT32.dll
0x00007fff939b0000 - 0x00007fff939d8000 	C:\Windows\SYSTEM32\ncrypt.dll
0x00007fff93970000 - 0x00007fff939a7000 	C:\Windows\SYSTEM32\NTASN1.dll
0x00007fff93860000 - 0x00007fff93878000 	C:\Windows\SYSTEM32\CRYPTSP.dll
0x00007fff93120000 - 0x00007fff93155000 	C:\Windows\system32\rsaenh.dll
0x00007fff93710000 - 0x00007fff93739000 	C:\Windows\SYSTEM32\USERENV.dll
0x00007fff939e0000 - 0x00007fff93a07000 	C:\Windows\SYSTEM32\bcrypt.dll
0x00007fff94120000 - 0x00007fff9419f000 	C:\Windows\System32\bcryptprimitives.dll
0x00007fff93880000 - 0x00007fff9388c000 	C:\Windows\SYSTEM32\CRYPTBASE.dll
0x00007fff8d160000 - 0x00007fff8d179000 	C:\Windows\SYSTEM32\dhcpcsvc6.DLL
0x00007fff8db50000 - 0x00007fff8db6e000 	C:\Windows\SYSTEM32\dhcpcsvc.DLL

VM Arguments:
jvm_args: -Dgroovy.home=C:\Users\62896/.groovy -Djava.system.class.loader=groovy.lang.GroovyClassLoader -Xmx2048m -Dfile.encoding=UTF-8 
java_command: org.codehaus.groovy.tools.GroovyStarter --classpath C:\Users\62896\Katalon Studio\HealthidWeb\bin\keyword;C:\Users\62896\Katalon Studio\HealthidWeb\Keywords;C:\Users\62896\Katalon Studio\HealthidWeb\bin\listener;C:\Users\62896\Katalon Studio\HealthidWeb\Test Listeners;C:\Users\62896\Katalon Studio\HealthidWeb\bin\lib;C:\Users\62896\Katalon Studio\HealthidWeb\Libs;C:\Users\62896\Katalon Studio\HealthidWeb\bin\groovy;C:\Users\62896\Katalon Studio\HealthidWeb\Include\scripts\groovy;C:\Users\62896\Downloads\Katalon_Studio_Windows_64-8.2.5\Katalon_Studio_Windows_64-8.2.5\plugins\com.kms.katalon.core_1.0.0.202201190711.jar;C:\Users\62896\Downloads\Katalon_Studio_Windows_64-8.2.5\Katalon_Studio_Windows_64-8.2.5\configuration\resources\lib\aalto-xml-1.0.0.jar;C:\Users\62896\Downloads\Katalon_Studio_Windows_64-8.2.5\Katalon_Studio_Windows_64-8.2.5\configuration\resources\lib\aspectjweaver-1.9.1.jar;C:\Users\62896\Downloads\Katalon_Studio_Windows_64-8.2.5\Katalon_Studio_Windows_64-8.2.5\configuration\resources\lib\bcpkix-jdk15on-1.64.jar;C:\Users\62896\Downloads\Katalon_Studio_Windows_64-8.2.5\Katalon_Studio_Windows_64-8.2.5\configuration\resources\lib\bcprov-jdk15on-1.64.jar;C:\Users\62896\Downloads\Katalon_Studio_Windows_64-8.2.5\Katalon_Studio_Windows_64-8.2.5\configuration\resources\lib\browsermob-core-2.1.5.jar;C:\Users\62896\Downloads\Katalon_Studio_Windows_64-8.2.5\Katalon_Studio_Windows_64-8.2.5\configuration\resources\lib\cglib-3.2.10.jar;C:\Users\62896\Downloads\Katalon_Studio_Windows_64-8.2.5\Katalon_Studio_Windows_64-8.2.5\configuration\resources\lib\commons-codec-1.10.jar;C:\Users\62896\Downloads\Katalon_Studio_Windows_64-8.2.5\Katalon_Studio_Windows_64-8.2.5\configuration\resources\lib\commons-collections4-4.1.jar;C:\Users\62896\Downloads\Katalon_Studio_Windows_64-8.2.5\Katalon_Studio_Windows_64-8.2.5\configuration\resources\lib\commons-validator-1.6.jar;C:\Users\62896\Downloads\Katalon_Studio_Windows_64-8.2.5\Katalon_Studio_Windows_64-8.2.5\conf
java_class_path (initial): C:\Users\62896\Katalon Studio\HealthidWeb\bin\keyword;C:\Users\62896\Katalon Studio\HealthidWeb\bin\listener;C:\Users\62896\Katalon Studio\HealthidWeb\bin\lib;C:\Users\62896\Katalon Studio\HealthidWeb\bin\groovy;C:\Users\62896\Katalon Studio\HealthidWeb\bin;C:\Users\62896\Downloads\Katalon_Studio_Windows_64-8.2.5\Katalon_Studio_Windows_64-8.2.5\plugins\com.kms.katalon.core_1.0.0.202201190711.jar;C:\Users\62896\Downloads\Katalon_Studio_Windows_64-8.2.5\Katalon_Studio_Windows_64-8.2.5\configuration\resources\lib\aalto-xml-1.0.0.jar;C:\Users\62896\Downloads\Katalon_Studio_Windows_64-8.2.5\Katalon_Studio_Windows_64-8.2.5\configuration\resources\lib\aspectjweaver-1.9.1.jar;C:\Users\62896\Downloads\Katalon_Studio_Windows_64-8.2.5\Katalon_Studio_Windows_64-8.2.5\configuration\resources\lib\bcpkix-jdk15on-1.64.jar;C:\Users\62896\Downloads\Katalon_Studio_Windows_64-8.2.5\Katalon_Studio_Windows_64-8.2.5\configuration\resources\lib\bcprov-jdk15on-1.64.jar;C:\Users\62896\Downloads\Katalon_Studio_Windows_64-8.2.5\Katalon_Studio_Windows_64-8.2.5\configuration\resources\lib\browsermob-core-2.1.5.jar;C:\Users\62896\Downloads\Katalon_Studio_Windows_64-8.2.5\Katalon_Studio_Windows_64-8.2.5\configuration\resources\lib\cglib-3.2.10.jar;C:\Users\62896\Downloads\Katalon_Studio_Windows_64-8.2.5\Katalon_Studio_Windows_64-8.2.5\configuration\resources\lib\commons-codec-1.10.jar;C:\Users\62896\Downloads\Katalon_Studio_Windows_64-8.2.5\Katalon_Studio_Windows_64-8.2.5\configuration\resources\lib\commons-collections4-4.1.jar;C:\Users\62896\Downloads\Katalon_Studio_Windows_64-8.2.5\Katalon_Studio_Windows_64-8.2.5\configuration\resources\lib\commons-validator-1.6.jar;C:\Users\62896\Downloads\Katalon_Studio_Windows_64-8.2.5\Katalon_Studio_Windows_64-8.2.5\configuration\resources\lib\curvesapi-1.04.jar;C:\Users\62896\Downloads\Katalon_Studio_Windows_64-8.2.5\Katalon_Studio_Windows_64-8.2.5\configuration\resources\lib\dnsjava-2.1.8.jar;C:\Users\62896\Downloads\Katalon_St
Launcher Type: SUN_STANDARD

Environment Variables:
JAVA_HOME=C:\Program Files\Java\jdk-11.0.14
PATH=C:/Users/62896/Downloads/Katalon_Studio_Windows_64-8.2.5/Katalon_Studio_Windows_64-8.2.5/jre/bin/server;C:/Users/62896/Downloads/Katalon_Studio_Windows_64-8.2.5/Katalon_Studio_Windows_64-8.2.5/jre/bin;C:/Users/62896/Downloads/Katalon_Studio_Windows_64-8.2.5/Katalon_Studio_Windows_64-8.2.5/jre/lib/amd64;C:\Program Files\Common Files\Oracle\Java\javapath;C:\Program Files (x86)\Common Files\Oracle\Java\javapath;C:\Windows\System32;C:\Windows\System32\Wbem;C:\Windows\System32\WindowsPowerShell\v1.0\;C:\Windows\System32\OpenSSH\;C:\Program Files (x86)\NVIDIA Corporation\PhysX\Common;C:\Program Files\NVIDIA Corporation\NVIDIA NvDLISR;D:\apache-maven-3.8.4\bin;C:\Users\62896\AppData\Local\Programs\Python\Python39;C:\Users\62896\AppData\Local\Programs\Python\Python39\Scripts;D:\zip\flutter_windows_2.8.1-stable\flutter\bin;C:\Users\62896\AppData\Local\Android\Sdk;C:\Program Files\Git\cmd;C:\apache-maven-3.8.5-bin\apache-maven-3.8.5\bin;C:\Program Files\nodejs\;C:\Program Files\Java\jdk-11.0.14\bin;C:\Program Files\Go\bin;C:\Users\62896\AppData\Local\Programs\Python\Python39\Scripts\;C:\Users\62896\AppData\Local\Programs\Python\Python39\;C:\Users\62896\AppData\Local\Microsoft\WindowsApps;C:\Users\62896\AppData\Local\Programs\Microsoft VS Code\bin;C:\Program Files\JetBrains\IntelliJ IDEA Community Edition 2021.3.1\bin;;C:\Users\62896\AppData\Local\GitHubDesktop\bin;C:\Users\62896\AppData\Roaming\npm;C:\Users\62896\go\bin;C:\Users\62896\Downloads\Katalon_Studio_Windows_64-8.2.5\Katalon_Studio_Windows_64-8.2.5;
USERNAME=62896
OS=Windows_NT
PROCESSOR_IDENTIFIER=Intel64 Family 6 Model 142 Stepping 12, GenuineIntel



---------------  S Y S T E M  ---------------

OS: Windows 10.0 , 64 bit Build 22000 (10.0.22000.708)
HyperV virtualization detected

CPU:total 8 (initial active 8) (4 cores per cpu, 2 threads per core) family 6 model 142 stepping 12, cmov, cx8, fxsr, mmx, sse, sse2, sse3, ssse3, sse4.1, sse4.2, popcnt, avx, avx2, aes, clmul, erms, 3dnowpref, lzcnt, ht, tsc, tscinvbit, bmi1, bmi2, adx

Memory: 4k page, physical 8218420k(397140k free), swap 33384244k(6008k free)

vm_info: OpenJDK 64-Bit Server VM (25.282-b08) for windows-amd64 JRE (Zulu 8.52.0.23-CA-win64) (1.8.0_282-b08), built on Jan 12 2021 07:45:49 by "tester" with MS VC++ 10.0 (VS2010)

time: Fri Jul 22 10:32:09 2022
timezone: SE Asia Standard Time
elapsed time: 18.293123 seconds (0d 0h 0m 18s)

